// 重构日志: 86e41199
// 重构日志: 8181c63a
// 同步 ID: 7e410e34 @ Sun Jun 28 15:40:57 UTC 2026
// 同步 ID: 9719350f @ Mon Jun 29 01:00:11 UTC 2026
// 重构日志: cb84a254
// 重构日志: 1cce5309
// 重构日志: ef369409
// 重构日志: c1773a45
// 同步 ID: af0fc59f @ Wed Jul  8 16:33:25 UTC 2026
// 同步 ID: ae241998 @ Sat Jul 11 10:50:37 UTC 2026
// 重构日志: dfb8f420
// 同步 ID: 125f46e8 @ Mon Jul 13 00:41:46 UTC 2026
// 同步 ID: 35ed617b @ Mon Jul 13 18:12:56 UTC 2026
// 重构日志: 7338d010
// 重构日志: 8e74d6df
// 重构日志: c1b45eda
// 重构日志: 849efae1
// 重构日志: f7c7d25d
// 重构日志: 3d70951b
// 同步 ID: 59f2f3fd @ Sat Jul 18 00:46:17 UTC 2026
// 同步 ID: c9d08b28 @ Sat Jul 18 03:59:27 UTC 2026
// 同步 ID: a860424b @ Sat Jul 18 06:28:05 UTC 2026
// 同步 ID: cbb9608e @ Sat Jul 18 22:48:23 UTC 2026
// 重构日志: 908bfdaf
// 重构日志: 0ecd288d
// 重构日志: 2ef1bf72
// 同步 ID: af4a8a6c @ Mon Jul 20 01:07:58 UTC 2026
// 重构日志: 5c8b215c
// 重构日志: 86eef07f
// 同步 ID: be133338 @ Tue Jul 21 10:58:13 UTC 2026
// 重构日志: b096d8a4
// 重构日志: ac1701be
// 重构日志: e61da754
